2026-06-25 12:47:22 - Add install.js
2026-06-25 17:06:20 - Add sl.pak
2026-06-25 16:20:59 - Add CLI.js
2026-06-25 19:41:44 - Add detectPlatform.d.ts.map
2026-06-25 08:27:30 - Add LICENSE
2026-06-25 15:46:41 - Add symlink-type.js
2026-06-25 10:30:13 - Add jake.cmd
2026-06-25 12:45:38 - Add main.d.ts
2026-06-25 15:05:46 - Add is-ci.cmd
2026-06-25 17:31:22 - Add is-ci.ps1
2026-06-25 20:38:32 - Add index.js
2026-06-25 17:46:24 - Add LICENSE
2026-06-25 11:59:11 - Add .editorconfig
2026-06-25 08:56:39 - Add artifact-utils.js
2026-06-25 14:40:46 - Add index.js.map
2026-06-25 10:57:45 - Add jsonfile.js
2026-06-25 12:06:42 - Add minimatch.js
2026-06-25 11:09:53 - Add rimraf.js
2026-06-25 11:00:51 - Add vi.pak
2026-06-25 19:41:23 - Add ur.pak
2026-06-25 14:21:12 - Add escodegen
2026-06-25 15:49:57 - Add debug.js
2026-06-25 20:24:27 - Add index.js
2026-06-25 17:14:01 - Add identifier.js.map
2026-06-25 17:54:03 - Add json5.ps1
2026-06-25 08:36:13 - Add parse.js
2026-06-25 14:22:51 - Add README.md
2026-06-25 09:45:14 - Add move.js
2026-06-25 14:05:09 - Add index.js.map
2026-06-25 10:11:41 - Add browsers.ps1
2026-06-25 14:35:06 - Add index.d.ts
2026-06-25 09:20:01 - Add nl.pak
2026-06-25 16:44:46 - Add file-utils.d.ts
2026-06-25 12:13:54 - Add puppeteer.cmd
2026-06-25 12:15:46 - Add 7za
2026-06-25 17:48:09 - Add index.js
2026-06-25 13:50:08 - Add downloader-resolver.js.map
2026-06-25 13:44:10 - Add package.json
2026-06-25 12:03:44 - Add crc32
2026-06-25 16:33:08 - Add index.js
2026-06-25 15:56:19 - Add module.d.ts
2026-06-25 17:20:58 - Add WhatsApp-Group-Bulk-Sender.zip
2026-06-25 10:12:35 - Add artifact-utils.js
2026-06-25 08:34:26 - Add asar.js.map
2026-06-25 11:25:52 - Add index.d.ts
2026-06-25 09:02:05 - Add index.js
2026-06-25 15:16:23 - Add LICENSE
2026-06-25 18:21:17 - Add utils.js
2026-06-25 14:56:07 - Add memory.d.ts
2026-06-25 18:54:28 - Add asar.ps1
2026-06-25 15:25:09 - Add glob.js.map
2026-06-25 13:02:19 - Add asar-utils.js.map
2026-06-25 10:38:08 - Add index.js
2026-06-25 10:53:21 - Add flat.js.map
2026-06-25 14:35:59 - Add package.json
2026-06-25 16:08:26 - Add 2.3000.1042658636.html
2026-06-25 20:46:23 - Add chrome.js.map
2026-06-25 09:38:16 - Add electron.cmd
2026-06-25 09:01:14 - Add minimatch.js
2026-06-25 10:19:06 - Add jsonfile.js
2026-06-25 11:03:13 - Add chrome.d.ts
2026-06-25 18:03:47 - Add limit-long-syntax.js
2026-06-25 12:58:20 - Add package.json
2026-06-25 16:46:23 - Add README.md
2026-06-25 15:51:10 - Add sl.pak
2026-06-25 17:31:32 - Add index.js
2026-06-25 17:36:19 - Add cmp.js
2026-06-25 08:57:37 - Add Cache.d.ts
2026-06-25 18:23:10 - Add LICENSE-MIT.txt
2026-06-25 15:23:54 - Add sha.js
2026-06-25 10:09:38 - Add sha.js.map
